<?xml version="1.0" encoding="UTF-8"?>
<!-- Generated by org.testng.reporters.JUnitXMLReporter -->
<testsuite ignored="0" hostname="Karan-PC" failures="1" tests="3" name="Test" time="116.901" errors="0" timestamp="20 Apr 2020 06:54:04 GMT">
  <testcase classname="automationPractise.LandingPageTest" name="AddingToACart" time="10.471"/>
  <testcase classname="automationPractise.LandingPageTest" name="ModifyingCartItems" time="46.94"/>
  <testcase classname="automationPractise.LandingPageTest" name="searchAProduct" time="4.314">
    <failure type="java.lang.AssertionError" message="Results shown on Page does not Contain the seach Keyword">
      <![CDATA[java.lang.AssertionError: Results shown on Page does not Contain the seach Keyword
	at automationPractise.LandingPageTest.searchAProduct(LandingPageTest.java:42)
... Removed 26 stack frames]]>
    </failure>
  </testcase> <!-- searchAProduct -->
</testsuite> <!-- Test -->
