<?xml version="1.0" encoding="UTF-8"?>
<testng-results ignored="0" total="3" passed="2" failed="1" skipped="0">
  <reporter-output>
  </reporter-output>
  <suite started-at="2020-04-19T10:30:12Z" name="Default suite" finished-at="2020-04-19T10:34:09Z" duration-ms="237111">
    <groups>
    </groups>
    <test started-at="2020-04-19T10:30:12Z" name="Default test" finished-at="2020-04-19T10:34:09Z" duration-ms="237111">
      <class name="automationPractise.LandingPageTest">
        <test-method is-config="true" signature="beforeSuite()[pri:0, instance:automationPractise.LandingPageTest@54a7079e]" started-at="2020-04-19T16:00:11Z" name="beforeSuite" finished-at="2020-04-19T16:00:12Z" duration-ms="740" status="PASS">
          <reporter-output>
          </reporter-output>
        </test-method> <!-- beforeSuite -->
        <test-method is-config="true" signature="beforeMethod(java.lang.reflect.Method)[pri:0, instance:automationPractise.LandingPageTest@54a7079e]" started-at="2020-04-19T16:00:12Z" name="beforeMethod" finished-at="2020-04-19T16:00:48Z" duration-ms="36058" status="PASS">
          <params>
            <param index="0">
              <value>
                <![CDATA[public void automationPractise.LandingPageTest.AddingToACart()]]>
              </value>
            </param>
          </params>
          <reporter-output>
          </reporter-output>
        </test-method> <!-- beforeMethod -->
        <test-method signature="AddingToACart()[pri:0, instance:automationPractise.LandingPageTest@54a7079e]" started-at="2020-04-19T16:00:48Z" name="AddingToACart" finished-at="2020-04-19T16:01:21Z" duration-ms="33311" status="PASS">
          <reporter-output>
          </reporter-output>
        </test-method> <!-- AddingToACart -->
        <test-method is-config="true" signature="afterMethod(org.testng.ITestResult)[pri:0, instance:automationPractise.LandingPageTest@54a7079e]" started-at="2020-04-19T16:01:21Z" name="afterMethod" finished-at="2020-04-19T16:01:21Z" duration-ms="1" status="PASS">
          <params>
            <param index="0">
              <value>
                <![CDATA[[TestResult name=AddingToACart status=SUCCESS method=LandingPageTest.AddingToACart()[pri:0, instance:automationPractise.LandingPageTest@54a7079e] output={null}]]]>
              </value>
            </param>
          </params>
          <reporter-output>
          </reporter-output>
        </test-method> <!-- afterMethod -->
        <test-method is-config="true" signature="beforeMethod(java.lang.reflect.Method)[pri:0, instance:automationPractise.LandingPageTest@54a7079e]" started-at="2020-04-19T16:01:21Z" name="beforeMethod" finished-at="2020-04-19T16:01:59Z" duration-ms="37785" status="PASS">
          <params>
            <param index="0">
              <value>
                <![CDATA[public void automationPractise.LandingPageTest.ModifyingCartItems()]]>
              </value>
            </param>
          </params>
          <reporter-output>
          </reporter-output>
        </test-method> <!-- beforeMethod -->
        <test-method signature="ModifyingCartItems()[pri:0, instance:automationPractise.LandingPageTest@54a7079e]" started-at="2020-04-19T16:01:59Z" name="ModifyingCartItems" finished-at="2020-04-19T16:03:15Z" duration-ms="76392" status="PASS">
          <reporter-output>
          </reporter-output>
        </test-method> <!-- ModifyingCartItems -->
        <test-method is-config="true" signature="afterMethod(org.testng.ITestResult)[pri:0, instance:automationPractise.LandingPageTest@54a7079e]" started-at="2020-04-19T16:03:15Z" name="afterMethod" finished-at="2020-04-19T16:03:15Z" duration-ms="1" status="PASS">
          <params>
            <param index="0">
              <value>
                <![CDATA[[TestResult name=ModifyingCartItems status=SUCCESS method=LandingPageTest.ModifyingCartItems()[pri:0, instance:automationPractise.LandingPageTest@54a7079e] output={null}]]]>
              </value>
            </param>
          </params>
          <reporter-output>
          </reporter-output>
        </test-method> <!-- afterMethod -->
        <test-method is-config="true" signature="beforeMethod(java.lang.reflect.Method)[pri:0, instance:automationPractise.LandingPageTest@54a7079e]" started-at="2020-04-19T16:03:15Z" name="beforeMethod" finished-at="2020-04-19T16:03:43Z" duration-ms="27807" status="PASS">
          <params>
            <param index="0">
              <value>
                <![CDATA[public void automationPractise.LandingPageTest.searchAProduct()]]>
              </value>
            </param>
          </params>
          <reporter-output>
          </reporter-output>
        </test-method> <!-- beforeMethod -->
        <test-method signature="searchAProduct()[pri:0, instance:automationPractise.LandingPageTest@54a7079e]" started-at="2020-04-19T16:03:43Z" name="searchAProduct" finished-at="2020-04-19T16:04:09Z" duration-ms="25457" status="FAIL">
          <exception class="java.lang.AssertionError">
            <message>
              <![CDATA[Results shown on Page does not Contain the seach Keyword]]>
            </message>
            <full-stacktrace>
              <![CDATA[java.lang.AssertionError: Results shown on Page does not Contain the seach Keyword
	at org.testng.Assert.fail(Assert.java:94)
	at automationPractise.LandingPageTest.searchAProduct(LandingPageTest.java:36)
	at java.base/jdk.internal.reflect.NativeMethodAccessorImpl.invoke0(Native Method)
	at java.base/jdk.internal.reflect.NativeMethodAccessorImpl.invoke(NativeMethodAccessorImpl.java:62)
	at java.base/jdk.internal.reflect.DelegatingMethodAccessorImpl.invoke(DelegatingMethodAccessorImpl.java:43)
	at java.base/java.lang.reflect.Method.invoke(Method.java:564)
	at org.testng.internal.MethodInvocationHelper.invokeMethod(MethodInvocationHelper.java:104)
	at org.testng.internal.Invoker.invokeMethod(Invoker.java:645)
	at org.testng.internal.Invoker.invokeTestMethod(Invoker.java:851)
	at org.testng.internal.Invoker.invokeTestMethods(Invoker.java:1177)
	at org.testng.internal.TestMethodWorker.invokeTestMethods(TestMethodWorker.java:129)
	at org.testng.internal.TestMethodWorker.run(TestMethodWorker.java:112)
	at org.testng.TestRunner.privateRun(TestRunner.java:756)
	at org.testng.TestRunner.run(TestRunner.java:610)
	at org.testng.SuiteRunner.runTest(SuiteRunner.java:387)
	at org.testng.SuiteRunner.runSequentially(SuiteRunner.java:382)
	at org.testng.SuiteRunner.privateRun(SuiteRunner.java:340)
	at org.testng.SuiteRunner.run(SuiteRunner.java:289)
	at org.testng.SuiteRunnerWorker.runSuite(SuiteRunnerWorker.java:52)
	at org.testng.SuiteRunnerWorker.run(SuiteRunnerWorker.java:86)
	at org.testng.TestNG.runSuitesSequentially(TestNG.java:1293)
	at org.testng.TestNG.runSuitesLocally(TestNG.java:1218)
	at org.testng.TestNG.runSuites(TestNG.java:1133)
	at org.testng.TestNG.run(TestNG.java:1104)
	at org.testng.remote.AbstractRemoteTestNG.run(AbstractRemoteTestNG.java:115)
	at org.testng.remote.RemoteTestNG.initAndRun(RemoteTestNG.java:251)
	at org.testng.remote.RemoteTestNG.main(RemoteTestNG.java:77)
]]>
            </full-stacktrace>
          </exception> <!-- java.lang.AssertionError -->
          <reporter-output>
          </reporter-output>
        </test-method> <!-- searchAProduct -->
        <test-method is-config="true" signature="afterMethod(org.testng.ITestResult)[pri:0, instance:automationPractise.LandingPageTest@54a7079e]" started-at="2020-04-19T16:04:09Z" name="afterMethod" finished-at="2020-04-19T16:04:09Z" duration-ms="1" status="PASS">
          <params>
            <param index="0">
              <value>
                <![CDATA[[TestResult name=searchAProduct status=FAILURE method=LandingPageTest.searchAProduct()[pri:0, instance:automationPractise.LandingPageTest@54a7079e] output={null}]]]>
              </value>
            </param>
          </params>
          <reporter-output>
          </reporter-output>
        </test-method> <!-- afterMethod -->
        <test-method is-config="true" signature="afterSuite()[pri:0, instance:automationPractise.LandingPageTest@54a7079e]" started-at="2020-04-19T16:04:10Z" name="afterSuite" finished-at="2020-04-19T16:04:12Z" duration-ms="2575" status="PASS">
          <reporter-output>
          </reporter-output>
        </test-method> <!-- afterSuite -->
      </class> <!-- automationPractise.LandingPageTest -->
    </test> <!-- Default test -->
  </suite> <!-- Default suite -->
</testng-results>
